Using pre-set license
Built from '2020.3/release' branch; Version is '2020.3.7f1 (dd97f2c94397) revision 14522354'; Using compiler version '192528614'; Build Type 'Release'
OS: 'Windows 10 Pro; OS build 19043.1348; Version 2009; 64bit' Language: 'ru' Physical Memory: 12269 MB
BatchMode: 1, IsHumanControllingUs: 0, StartBugReporterOnCrash: 0, Is64bit: 1, IsPro: 0

 COMMAND LINE ARGUMENTS:
D:\Unity\2020.3.7f1\Editor\Unity.exe
-adb2
-batchMode
-noUpm
-name
AssetImportWorker0
-projectPath
C:/Users/Daft/GitHub/Data-Persistence-Project
-logFile
Logs/AssetImportWorker0.log
-srvPort
49217
Successfully changed project path to: C:/Users/Daft/GitHub/Data-Persistence-Project
C:/Users/Daft/GitHub/Data-Persistence-Project
Using Asset Import Pipeline V2.
Refreshing native plugins compatible for Editor in 137.85 ms, found 0 plugins.
Preloading 0 native plugins for Editor in 0.00 ms.
Initialize engine version: 2020.3.7f1 (dd97f2c94397)
[Subsystems] Discovering subsystems at path D:/Unity/2020.3.7f1/Editor/Data/Resources/UnitySubsystems
[Subsystems] Discovering subsystems at path C:/Users/Daft/GitHub/Data-Persistence-Project/Assets
GfxDevice: creating device client; threaded=0
Direct3D:
    Version:  Direct3D 11.0 [level 11.0]
    Renderer: NVIDIA GeForce GTX 660 (ID=0x11c0)
    Vendor:   
    VRAM:     1998 MB
    Driver:   30.0.14.7212
Shader 'Universal Render Pipeline/Particles/Lit': fallback shader 'Universal Render Pipeline/Particles/SimpleLit' not found
Initialize mono
Mono path[0] = 'D:/Unity/2020.3.7f1/Editor/Data/Managed'
Mono path[1] = 'D:/Unity/2020.3.7f1/Editor/Data/MonoBleedingEdge/lib/mono/unityjit'
Mono config path = 'D:/Unity/2020.3.7f1/Editor/Data/MonoBleedingEdge/etc'
Using monoOptions --debugger-agent=transport=dt_socket,embedding=1,server=y,suspend=n,address=127.0.0.1:56764
Begin MonoManager ReloadAssembly
Registering precompiled unity dll's ...
Register platform support module: D:/Unity/2020.3.7f1/Editor/Data/PlaybackEngines/WindowsStandaloneSupport/UnityEditor.WindowsStandalone.Extensions.dll
Registered in 0.002159 seconds.
Native extension for WindowsStandalone target not found
Refreshing native plugins compatible for Editor in 88.54 ms, found 0 plugins.
Preloading 0 native plugins for Editor in 0.00 ms.
Mono: successfully reloaded assembly
- Completed reload, in  3.450 seconds
Platform modules already initialized, skipping
Registering precompiled user dll's ...
Registered in 0.004660 seconds.
Begin MonoManager ReloadAssembly
Native extension for WindowsStandalone target not found
Refreshing native plugins compatible for Editor in 77.96 ms, found 0 plugins.
Preloading 0 native plugins for Editor in 0.00 ms.
Mono: successfully reloaded assembly
- Completed reload, in  1.755 seconds
Platform modules already initialized, skipping
========================================================================
Worker process is ready to serve import requests
Shader 'Universal Render Pipeline/Particles/Lit': fallback shader 'Universal Render Pipeline/Particles/SimpleLit' not found
Launched and connected shader compiler UnityShaderCompiler.exe after 0.07 seconds
Refreshing native plugins compatible for Editor in 0.59 ms, found 0 plugins.
Preloading 0 native plugins for Editor in 0.00 ms.
Unloading 2424 Unused Serialized files (Serialized files now loaded: 0)
System memory in use before: 113.7 MB.
System memory in use after: 113.9 MB.

Unloading 10 unused Assets to reduce memory usage. Loaded Objects now: 2866.
Total: 2.969800 ms (FindLiveObjects: 0.504500 ms CreateObjectMapping: 0.131200 ms MarkObjects: 2.245400 ms  DeleteObjects: 0.087200 ms)

========================================================================
Received Import Request.
  path: Assets/Scripts/MenuManager.cs
  artifactKey: Guid(98f31efb72b14f2439c7290ae4959d62) Importer(815301076,1909f56bfc062723c751e8b465ee728b)
Start importing Assets/Scripts/MenuManager.cs using Guid(98f31efb72b14f2439c7290ae4959d62) Importer(815301076,1909f56bfc062723c751e8b465ee728b)  -> (artifact id: '48bcc86ef0d59ac1b718fbd319b6fa68') in 0.033548 seconds
  Import took 0.124368 seconds .

========================================================================
Received Import Request.
  Time since last request: 12.362549 seconds.
  path: Assets/Scripts/MenuUIHandler.cs
  artifactKey: Guid(2471772f1495cd240b411b8d891a681c) Importer(815301076,1909f56bfc062723c751e8b465ee728b)
Start importing Assets/Scripts/MenuUIHandler.cs using Guid(2471772f1495cd240b411b8d891a681c) Importer(815301076,1909f56bfc062723c751e8b465ee728b)  -> (artifact id: '00000000000000000000000000000000') in 0.000536 seconds
  ERROR: Build asset version error: assets/scripts/menuuihandler.cs in SourceAssetDB has modification time of '2021-11-30T22:45:50.6825857Z' while content on disk has modification time of '2021-12-01T19:24:11.9568969Z'
  Import took 0.007542 seconds .

========================================================================
Received Import Request.
  Time since last request: 0.039545 seconds.
  path: Assets/Scripts/MenuUIHandler.cs
  artifactKey: Guid(2471772f1495cd240b411b8d891a681c) Importer(815301076,1909f56bfc062723c751e8b465ee728b)
Start importing Assets/Scripts/MenuUIHandler.cs using Guid(2471772f1495cd240b411b8d891a681c) Importer(815301076,1909f56bfc062723c751e8b465ee728b)  -> (artifact id: '00000000000000000000000000000000') in 0.000466 seconds
  ERROR: Build asset version error: assets/scripts/menuuihandler.cs in SourceAssetDB has modification time of '2021-11-30T22:45:50.6825857Z' while content on disk has modification time of '2021-12-01T19:24:11.9568969Z'
  Import took 0.012969 seconds .

========================================================================
Received Import Request.
  Time since last request: 0.019654 seconds.
  path: Assets/Scripts/MenuUIHandler.cs
  artifactKey: Guid(2471772f1495cd240b411b8d891a681c) Importer(815301076,1909f56bfc062723c751e8b465ee728b)
Start importing Assets/Scripts/MenuUIHandler.cs using Guid(2471772f1495cd240b411b8d891a681c) Importer(815301076,1909f56bfc062723c751e8b465ee728b)  -> (artifact id: '00000000000000000000000000000000') in 0.000496 seconds
  ERROR: Build asset version error: assets/scripts/menuuihandler.cs in SourceAssetDB has modification time of '2021-11-30T22:45:50.6825857Z' while content on disk has modification time of '2021-12-01T19:24:11.9568969Z'
  Import took 0.009597 seconds .

========================================================================
Received Import Request.
  Time since last request: 0.024433 seconds.
  path: Assets/Scripts/MenuUIHandler.cs
  artifactKey: Guid(2471772f1495cd240b411b8d891a681c) Importer(815301076,1909f56bfc062723c751e8b465ee728b)
Start importing Assets/Scripts/MenuUIHandler.cs using Guid(2471772f1495cd240b411b8d891a681c) Importer(815301076,1909f56bfc062723c751e8b465ee728b)  -> (artifact id: '00000000000000000000000000000000') in 0.000510 seconds
  ERROR: Build asset version error: assets/scripts/menuuihandler.cs in SourceAssetDB has modification time of '2021-11-30T22:45:50.6825857Z' while content on disk has modification time of '2021-12-01T19:24:11.9568969Z'
  Import took 0.006992 seconds .

========================================================================
Received Import Request.
  Time since last request: 0.018924 seconds.
  path: Assets/Scripts/MenuUIHandler.cs
  artifactKey: Guid(2471772f1495cd240b411b8d891a681c) Importer(815301076,1909f56bfc062723c751e8b465ee728b)
Start importing Assets/Scripts/MenuUIHandler.cs using Guid(2471772f1495cd240b411b8d891a681c) Importer(815301076,1909f56bfc062723c751e8b465ee728b)  -> (artifact id: '00000000000000000000000000000000') in 0.000539 seconds
  ERROR: Build asset version error: assets/scripts/menuuihandler.cs in SourceAssetDB has modification time of '2021-11-30T22:45:50.6825857Z' while content on disk has modification time of '2021-12-01T19:24:11.9568969Z'
  Import took 0.007448 seconds .

========================================================================
Received Import Request.
  Time since last request: 0.021655 seconds.
  path: Assets/Scripts/MenuUIHandler.cs
  artifactKey: Guid(2471772f1495cd240b411b8d891a681c) Importer(815301076,1909f56bfc062723c751e8b465ee728b)
Start importing Assets/Scripts/MenuUIHandler.cs using Guid(2471772f1495cd240b411b8d891a681c) Importer(815301076,1909f56bfc062723c751e8b465ee728b)  -> (artifact id: '00000000000000000000000000000000') in 0.000541 seconds
  ERROR: Build asset version error: assets/scripts/menuuihandler.cs in SourceAssetDB has modification time of '2021-11-30T22:45:50.6825857Z' while content on disk has modification time of '2021-12-01T19:24:11.9568969Z'
  Import took 0.007310 seconds .

========================================================================
Received Import Request.
  Time since last request: 0.023060 seconds.
  path: Assets/Scripts/MenuUIHandler.cs
  artifactKey: Guid(2471772f1495cd240b411b8d891a681c) Importer(815301076,1909f56bfc062723c751e8b465ee728b)
Start importing Assets/Scripts/MenuUIHandler.cs using Guid(2471772f1495cd240b411b8d891a681c) Importer(815301076,1909f56bfc062723c751e8b465ee728b)  -> (artifact id: '00000000000000000000000000000000') in 0.000470 seconds
  ERROR: Build asset version error: assets/scripts/menuuihandler.cs in SourceAssetDB has modification time of '2021-11-30T22:45:50.6825857Z' while content on disk has modification time of '2021-12-01T19:24:11.9568969Z'
  Import took 0.008512 seconds .

========================================================================
Received Import Request.
  Time since last request: 0.017848 seconds.
  path: Assets/Scripts/MenuUIHandler.cs
  artifactKey: Guid(2471772f1495cd240b411b8d891a681c) Importer(815301076,1909f56bfc062723c751e8b465ee728b)
Start importing Assets/Scripts/MenuUIHandler.cs using Guid(2471772f1495cd240b411b8d891a681c) Importer(815301076,1909f56bfc062723c751e8b465ee728b)  -> (artifact id: '00000000000000000000000000000000') in 0.000718 seconds
  ERROR: Build asset version error: assets/scripts/menuuihandler.cs in SourceAssetDB has modification time of '2021-11-30T22:45:50.6825857Z' while content on disk has modification time of '2021-12-01T19:24:11.9568969Z'
  Import took 0.006218 seconds .

========================================================================
Received Import Request.
  Time since last request: 0.023544 seconds.
  path: Assets/Scripts/MenuUIHandler.cs
  artifactKey: Guid(2471772f1495cd240b411b8d891a681c) Importer(815301076,1909f56bfc062723c751e8b465ee728b)
Start importing Assets/Scripts/MenuUIHandler.cs using Guid(2471772f1495cd240b411b8d891a681c) Importer(815301076,1909f56bfc062723c751e8b465ee728b)  -> (artifact id: '00000000000000000000000000000000') in 0.000608 seconds
  ERROR: Build asset version error: assets/scripts/menuuihandler.cs in SourceAssetDB has modification time of '2021-11-30T22:45:50.6825857Z' while content on disk has modification time of '2021-12-01T19:24:11.9568969Z'
  Import took 0.007717 seconds .

========================================================================
Received Import Request.
  Time since last request: 0.027730 seconds.
  path: Assets/Scripts/MenuUIHandler.cs
  artifactKey: Guid(2471772f1495cd240b411b8d891a681c) Importer(815301076,1909f56bfc062723c751e8b465ee728b)
Start importing Assets/Scripts/MenuUIHandler.cs using Guid(2471772f1495cd240b411b8d891a681c) Importer(815301076,1909f56bfc062723c751e8b465ee728b)  -> (artifact id: '00000000000000000000000000000000') in 0.000475 seconds
  ERROR: Build asset version error: assets/scripts/menuuihandler.cs in SourceAssetDB has modification time of '2021-11-30T22:45:50.6825857Z' while content on disk has modification time of '2021-12-01T19:24:11.9568969Z'
  Import took 0.007410 seconds .

========================================================================
Received Import Request.
  Time since last request: 0.024190 seconds.
  path: Assets/Scripts/MenuUIHandler.cs
  artifactKey: Guid(2471772f1495cd240b411b8d891a681c) Importer(815301076,1909f56bfc062723c751e8b465ee728b)
Start importing Assets/Scripts/MenuUIHandler.cs using Guid(2471772f1495cd240b411b8d891a681c) Importer(815301076,1909f56bfc062723c751e8b465ee728b)  -> (artifact id: '00000000000000000000000000000000') in 0.000445 seconds
  ERROR: Build asset version error: assets/scripts/menuuihandler.cs in SourceAssetDB has modification time of '2021-11-30T22:45:50.6825857Z' while content on disk has modification time of '2021-12-01T19:24:11.9568969Z'
  Import took 0.005359 seconds .

========================================================================
Received Import Request.
  Time since last request: 0.022862 seconds.
  path: Assets/Scripts/MenuUIHandler.cs
  artifactKey: Guid(2471772f1495cd240b411b8d891a681c) Importer(815301076,1909f56bfc062723c751e8b465ee728b)
Start importing Assets/Scripts/MenuUIHandler.cs using Guid(2471772f1495cd240b411b8d891a681c) Importer(815301076,1909f56bfc062723c751e8b465ee728b)  -> (artifact id: '00000000000000000000000000000000') in 0.000537 seconds
  ERROR: Build asset version error: assets/scripts/menuuihandler.cs in SourceAssetDB has modification time of '2021-11-30T22:45:50.6825857Z' while content on disk has modification time of '2021-12-01T19:24:11.9568969Z'
  Import took 0.007917 seconds .

========================================================================
Received Import Request.
  Time since last request: 0.020962 seconds.
  path: Assets/Scripts/MenuUIHandler.cs
  artifactKey: Guid(2471772f1495cd240b411b8d891a681c) Importer(815301076,1909f56bfc062723c751e8b465ee728b)
Start importing Assets/Scripts/MenuUIHandler.cs using Guid(2471772f1495cd240b411b8d891a681c) Importer(815301076,1909f56bfc062723c751e8b465ee728b)  -> (artifact id: '00000000000000000000000000000000') in 0.000479 seconds
  ERROR: Build asset version error: assets/scripts/menuuihandler.cs in SourceAssetDB has modification time of '2021-11-30T22:45:50.6825857Z' while content on disk has modification time of '2021-12-01T19:24:11.9568969Z'
  Import took 0.008074 seconds .

========================================================================
Received Import Request.
  Time since last request: 0.023325 seconds.
  path: Assets/Scripts/MenuUIHandler.cs
  artifactKey: Guid(2471772f1495cd240b411b8d891a681c) Importer(815301076,1909f56bfc062723c751e8b465ee728b)
Start importing Assets/Scripts/MenuUIHandler.cs using Guid(2471772f1495cd240b411b8d891a681c) Importer(815301076,1909f56bfc062723c751e8b465ee728b)  -> (artifact id: '00000000000000000000000000000000') in 0.015216 seconds
  ERROR: Build asset version error: assets/scripts/menuuihandler.cs in SourceAssetDB has modification time of '2021-11-30T22:45:50.6825857Z' while content on disk has modification time of '2021-12-01T19:24:11.9568969Z'
  Import took 0.024912 seconds .

========================================================================
Received Import Request.
  Time since last request: 0.002509 seconds.
  path: Assets/Scripts/MenuUIHandler.cs
  artifactKey: Guid(2471772f1495cd240b411b8d891a681c) Importer(815301076,1909f56bfc062723c751e8b465ee728b)
Start importing Assets/Scripts/MenuUIHandler.cs using Guid(2471772f1495cd240b411b8d891a681c) Importer(815301076,1909f56bfc062723c751e8b465ee728b)  -> (artifact id: '00000000000000000000000000000000') in 0.000461 seconds
  ERROR: Build asset version error: assets/scripts/menuuihandler.cs in SourceAssetDB has modification time of '2021-11-30T22:45:50.6825857Z' while content on disk has modification time of '2021-12-01T19:24:11.9568969Z'
  Import took 0.006494 seconds .

========================================================================
Received Import Request.
  Time since last request: 0.020099 seconds.
  path: Assets/Scripts/MenuUIHandler.cs
  artifactKey: Guid(2471772f1495cd240b411b8d891a681c) Importer(815301076,1909f56bfc062723c751e8b465ee728b)
Start importing Assets/Scripts/MenuUIHandler.cs using Guid(2471772f1495cd240b411b8d891a681c) Importer(815301076,1909f56bfc062723c751e8b465ee728b)  -> (artifact id: '00000000000000000000000000000000') in 0.000523 seconds
  ERROR: Build asset version error: assets/scripts/menuuihandler.cs in SourceAssetDB has modification time of '2021-11-30T22:45:50.6825857Z' while content on disk has modification time of '2021-12-01T19:24:11.9568969Z'
  Import took 0.006108 seconds .

========================================================================
Received Import Request.
  Time since last request: 0.025462 seconds.
  path: Assets/Scripts/MenuUIHandler.cs
  artifactKey: Guid(2471772f1495cd240b411b8d891a681c) Importer(815301076,1909f56bfc062723c751e8b465ee728b)
Start importing Assets/Scripts/MenuUIHandler.cs using Guid(2471772f1495cd240b411b8d891a681c) Importer(815301076,1909f56bfc062723c751e8b465ee728b)  -> (artifact id: '00000000000000000000000000000000') in 0.000507 seconds
  ERROR: Build asset version error: assets/scripts/menuuihandler.cs in SourceAssetDB has modification time of '2021-11-30T22:45:50.6825857Z' while content on disk has modification time of '2021-12-01T19:24:11.9568969Z'
  Import took 0.007061 seconds .

========================================================================
Received Import Request.
  Time since last request: 0.019399 seconds.
  path: Assets/Scripts/MenuUIHandler.cs
  artifactKey: Guid(2471772f1495cd240b411b8d891a681c) Importer(815301076,1909f56bfc062723c751e8b465ee728b)
Start importing Assets/Scripts/MenuUIHandler.cs using Guid(2471772f1495cd240b411b8d891a681c) Importer(815301076,1909f56bfc062723c751e8b465ee728b)  -> (artifact id: '00000000000000000000000000000000') in 0.000640 seconds
  ERROR: Build asset version error: assets/scripts/menuuihandler.cs in SourceAssetDB has modification time of '2021-11-30T22:45:50.6825857Z' while content on disk has modification time of '2021-12-01T19:24:11.9568969Z'
  Import took 0.006997 seconds .

========================================================================
Received Import Request.
  Time since last request: 0.019613 seconds.
  path: Assets/Scripts/MenuUIHandler.cs
  artifactKey: Guid(2471772f1495cd240b411b8d891a681c) Importer(815301076,1909f56bfc062723c751e8b465ee728b)
Start importing Assets/Scripts/MenuUIHandler.cs using Guid(2471772f1495cd240b411b8d891a681c) Importer(815301076,1909f56bfc062723c751e8b465ee728b)  -> (artifact id: '00000000000000000000000000000000') in 0.000796 seconds
  ERROR: Build asset version error: assets/scripts/menuuihandler.cs in SourceAssetDB has modification time of '2021-11-30T22:45:50.6825857Z' while content on disk has modification time of '2021-12-01T19:24:11.9568969Z'
  Import took 0.006549 seconds .

========================================================================
Received Import Request.
  Time since last request: 0.023547 seconds.
  path: Assets/Scripts/MenuUIHandler.cs
  artifactKey: Guid(2471772f1495cd240b411b8d891a681c) Importer(815301076,1909f56bfc062723c751e8b465ee728b)
Start importing Assets/Scripts/MenuUIHandler.cs using Guid(2471772f1495cd240b411b8d891a681c) Importer(815301076,1909f56bfc062723c751e8b465ee728b)  -> (artifact id: '00000000000000000000000000000000') in 0.000577 seconds
  ERROR: Build asset version error: assets/scripts/menuuihandler.cs in SourceAssetDB has modification time of '2021-11-30T22:45:50.6825857Z' while content on disk has modification time of '2021-12-01T19:24:11.9568969Z'
  Import took 0.006273 seconds .

========================================================================
Received Import Request.
  Time since last request: 0.019684 seconds.
  path: Assets/Scripts/MenuUIHandler.cs
  artifactKey: Guid(2471772f1495cd240b411b8d891a681c) Importer(815301076,1909f56bfc062723c751e8b465ee728b)
Start importing Assets/Scripts/MenuUIHandler.cs using Guid(2471772f1495cd240b411b8d891a681c) Importer(815301076,1909f56bfc062723c751e8b465ee728b)  -> (artifact id: '00000000000000000000000000000000') in 0.000494 seconds
  ERROR: Build asset version error: assets/scripts/menuuihandler.cs in SourceAssetDB has modification time of '2021-11-30T22:45:50.6825857Z' while content on disk has modification time of '2021-12-01T19:24:11.9568969Z'
  Import took 0.007039 seconds .

========================================================================
Received Import Request.
  Time since last request: 0.019452 seconds.
  path: Assets/Scripts/MenuUIHandler.cs
  artifactKey: Guid(2471772f1495cd240b411b8d891a681c) Importer(815301076,1909f56bfc062723c751e8b465ee728b)
Start importing Assets/Scripts/MenuUIHandler.cs using Guid(2471772f1495cd240b411b8d891a681c) Importer(815301076,1909f56bfc062723c751e8b465ee728b)  -> (artifact id: '00000000000000000000000000000000') in 0.000451 seconds
  ERROR: Build asset version error: assets/scripts/menuuihandler.cs in SourceAssetDB has modification time of '2021-11-30T22:45:50.6825857Z' while content on disk has modification time of '2021-12-01T19:24:11.9568969Z'
  Import took 0.005746 seconds .

========================================================================
Received Import Request.
  Time since last request: 0.023013 seconds.
  path: Assets/Scripts/MenuUIHandler.cs
  artifactKey: Guid(2471772f1495cd240b411b8d891a681c) Importer(815301076,1909f56bfc062723c751e8b465ee728b)
Start importing Assets/Scripts/MenuUIHandler.cs using Guid(2471772f1495cd240b411b8d891a681c) Importer(815301076,1909f56bfc062723c751e8b465ee728b)  -> (artifact id: '00000000000000000000000000000000') in 0.000489 seconds
  ERROR: Build asset version error: assets/scripts/menuuihandler.cs in SourceAssetDB has modification time of '2021-11-30T22:45:50.6825857Z' while content on disk has modification time of '2021-12-01T19:24:11.9568969Z'
  Import took 0.007487 seconds .

========================================================================
Received Import Request.
  Time since last request: 0.019541 seconds.
  path: Assets/Scripts/MenuUIHandler.cs
  artifactKey: Guid(2471772f1495cd240b411b8d891a681c) Importer(815301076,1909f56bfc062723c751e8b465ee728b)
Start importing Assets/Scripts/MenuUIHandler.cs using Guid(2471772f1495cd240b411b8d891a681c) Importer(815301076,1909f56bfc062723c751e8b465ee728b)  -> (artifact id: '00000000000000000000000000000000') in 0.001660 seconds
  ERROR: Build asset version error: assets/scripts/menuuihandler.cs in SourceAssetDB has modification time of '2021-11-30T22:45:50.6825857Z' while content on disk has modification time of '2021-12-01T19:24:11.9568969Z'
  Import took 0.007423 seconds .

========================================================================
Received Import Request.
  Time since last request: 0.018327 seconds.
  path: Assets/Scripts/MenuUIHandler.cs
  artifactKey: Guid(2471772f1495cd240b411b8d891a681c) Importer(815301076,1909f56bfc062723c751e8b465ee728b)
Start importing Assets/Scripts/MenuUIHandler.cs using Guid(2471772f1495cd240b411b8d891a681c) Importer(815301076,1909f56bfc062723c751e8b465ee728b)  -> (artifact id: '00000000000000000000000000000000') in 0.000462 seconds
  ERROR: Build asset version error: assets/scripts/menuuihandler.cs in SourceAssetDB has modification time of '2021-11-30T22:45:50.6825857Z' while content on disk has modification time of '2021-12-01T19:24:11.9568969Z'
  Import took 0.005439 seconds .

========================================================================
Received Import Request.
  Time since last request: 0.024021 seconds.
  path: Assets/Scripts/MenuUIHandler.cs
  artifactKey: Guid(2471772f1495cd240b411b8d891a681c) Importer(815301076,1909f56bfc062723c751e8b465ee728b)
Start importing Assets/Scripts/MenuUIHandler.cs using Guid(2471772f1495cd240b411b8d891a681c) Importer(815301076,1909f56bfc062723c751e8b465ee728b)  -> (artifact id: '00000000000000000000000000000000') in 0.000734 seconds
  ERROR: Build asset version error: assets/scripts/menuuihandler.cs in SourceAssetDB has modification time of '2021-11-30T22:45:50.6825857Z' while content on disk has modification time of '2021-12-01T19:24:11.9568969Z'
  Import took 0.006325 seconds .

========================================================================
Received Import Request.
  Time since last request: 0.023696 seconds.
  path: Assets/Scripts/MenuUIHandler.cs
  artifactKey: Guid(2471772f1495cd240b411b8d891a681c) Importer(815301076,1909f56bfc062723c751e8b465ee728b)
Start importing Assets/Scripts/MenuUIHandler.cs using Guid(2471772f1495cd240b411b8d891a681c) Importer(815301076,1909f56bfc062723c751e8b465ee728b)  -> (artifact id: '00000000000000000000000000000000') in 0.000952 seconds
  ERROR: Build asset version error: assets/scripts/menuuihandler.cs in SourceAssetDB has modification time of '2021-11-30T22:45:50.6825857Z' while content on disk has modification time of '2021-12-01T19:24:11.9568969Z'
  Import took 0.006706 seconds .

========================================================================
Received Import Request.
  Time since last request: 0.019621 seconds.
  path: Assets/Scripts/MenuUIHandler.cs
  artifactKey: Guid(2471772f1495cd240b411b8d891a681c) Importer(815301076,1909f56bfc062723c751e8b465ee728b)
Start importing Assets/Scripts/MenuUIHandler.cs using Guid(2471772f1495cd240b411b8d891a681c) Importer(815301076,1909f56bfc062723c751e8b465ee728b)  -> (artifact id: '00000000000000000000000000000000') in 0.000496 seconds
  ERROR: Build asset version error: assets/scripts/menuuihandler.cs in SourceAssetDB has modification time of '2021-11-30T22:45:50.6825857Z' while content on disk has modification time of '2021-12-01T19:24:11.9568969Z'
  Import took 0.007573 seconds .

========================================================================
Received Import Request.
  Time since last request: 0.020896 seconds.
  path: Assets/Scripts/MenuUIHandler.cs
  artifactKey: Guid(2471772f1495cd240b411b8d891a681c) Importer(815301076,1909f56bfc062723c751e8b465ee728b)
Start importing Assets/Scripts/MenuUIHandler.cs using Guid(2471772f1495cd240b411b8d891a681c) Importer(815301076,1909f56bfc062723c751e8b465ee728b)  -> (artifact id: '00000000000000000000000000000000') in 0.000496 seconds
  ERROR: Build asset version error: assets/scripts/menuuihandler.cs in SourceAssetDB has modification time of '2021-11-30T22:45:50.6825857Z' while content on disk has modification time of '2021-12-01T19:24:11.9568969Z'
  Import took 0.006743 seconds .

========================================================================
Received Import Request.
  Time since last request: 0.023675 seconds.
  path: Assets/Scripts/MenuUIHandler.cs
  artifactKey: Guid(2471772f1495cd240b411b8d891a681c) Importer(815301076,1909f56bfc062723c751e8b465ee728b)
Start importing Assets/Scripts/MenuUIHandler.cs using Guid(2471772f1495cd240b411b8d891a681c) Importer(815301076,1909f56bfc062723c751e8b465ee728b)  -> (artifact id: '00000000000000000000000000000000') in 0.000484 seconds
  ERROR: Build asset version error: assets/scripts/menuuihandler.cs in SourceAssetDB has modification time of '2021-11-30T22:45:50.6825857Z' while content on disk has modification time of '2021-12-01T19:24:11.9568969Z'
  Import took 0.007690 seconds .

========================================================================
Received Import Request.
  Time since last request: 0.020940 seconds.
  path: Assets/Scripts/MenuUIHandler.cs
  artifactKey: Guid(2471772f1495cd240b411b8d891a681c) Importer(815301076,1909f56bfc062723c751e8b465ee728b)
Start importing Assets/Scripts/MenuUIHandler.cs using Guid(2471772f1495cd240b411b8d891a681c) Importer(815301076,1909f56bfc062723c751e8b465ee728b)  -> (artifact id: '00000000000000000000000000000000') in 0.000618 seconds
  ERROR: Build asset version error: assets/scripts/menuuihandler.cs in SourceAssetDB has modification time of '2021-11-30T22:45:50.6825857Z' while content on disk has modification time of '2021-12-01T19:24:11.9568969Z'
  Import took 0.007388 seconds .

========================================================================
Received Import Request.
  Time since last request: 0.018869 seconds.
  path: Assets/Scripts/MenuUIHandler.cs
  artifactKey: Guid(2471772f1495cd240b411b8d891a681c) Importer(815301076,1909f56bfc062723c751e8b465ee728b)
Start importing Assets/Scripts/MenuUIHandler.cs using Guid(2471772f1495cd240b411b8d891a681c) Importer(815301076,1909f56bfc062723c751e8b465ee728b)  -> (artifact id: '00000000000000000000000000000000') in 0.000427 seconds
  ERROR: Build asset version error: assets/scripts/menuuihandler.cs in SourceAssetDB has modification time of '2021-11-30T22:45:50.6825857Z' while content on disk has modification time of '2021-12-01T19:24:11.9568969Z'
  Import took 0.005407 seconds .

========================================================================
Received Import Request.
  Time since last request: 0.026587 seconds.
  path: Assets/Scripts/MenuUIHandler.cs
  artifactKey: Guid(2471772f1495cd240b411b8d891a681c) Importer(815301076,1909f56bfc062723c751e8b465ee728b)
Start importing Assets/Scripts/MenuUIHandler.cs using Guid(2471772f1495cd240b411b8d891a681c) Importer(815301076,1909f56bfc062723c751e8b465ee728b)  -> (artifact id: '00000000000000000000000000000000') in 0.000456 seconds
  ERROR: Build asset version error: assets/scripts/menuuihandler.cs in SourceAssetDB has modification time of '2021-11-30T22:45:50.6825857Z' while content on disk has modification time of '2021-12-01T19:24:11.9568969Z'
  Import took 0.006476 seconds .

========================================================================
Received Import Request.
  Time since last request: 0.018926 seconds.
  path: Assets/Scripts/MenuUIHandler.cs
  artifactKey: Guid(2471772f1495cd240b411b8d891a681c) Importer(815301076,1909f56bfc062723c751e8b465ee728b)
Start importing Assets/Scripts/MenuUIHandler.cs using Guid(2471772f1495cd240b411b8d891a681c) Importer(815301076,1909f56bfc062723c751e8b465ee728b)  -> (artifact id: '00000000000000000000000000000000') in 0.000462 seconds
  ERROR: Build asset version error: assets/scripts/menuuihandler.cs in SourceAssetDB has modification time of '2021-11-30T22:45:50.6825857Z' while content on disk has modification time of '2021-12-01T19:24:11.9568969Z'
  Import took 0.006206 seconds .

========================================================================
Received Import Request.
  Time since last request: 0.026248 seconds.
  path: Assets/Scripts/MenuUIHandler.cs
  artifactKey: Guid(2471772f1495cd240b411b8d891a681c) Importer(815301076,1909f56bfc062723c751e8b465ee728b)
Start importing Assets/Scripts/MenuUIHandler.cs using Guid(2471772f1495cd240b411b8d891a681c) Importer(815301076,1909f56bfc062723c751e8b465ee728b)  -> (artifact id: '00000000000000000000000000000000') in 0.000460 seconds
  ERROR: Build asset version error: assets/scripts/menuuihandler.cs in SourceAssetDB has modification time of '2021-11-30T22:45:50.6825857Z' while content on disk has modification time of '2021-12-01T19:24:11.9568969Z'
  Import took 0.005513 seconds .

========================================================================
Received Import Request.
  Time since last request: 0.027159 seconds.
  path: Assets/Scripts/MenuUIHandler.cs
  artifactKey: Guid(2471772f1495cd240b411b8d891a681c) Importer(815301076,1909f56bfc062723c751e8b465ee728b)
Start importing Assets/Scripts/MenuUIHandler.cs using Guid(2471772f1495cd240b411b8d891a681c) Importer(815301076,1909f56bfc062723c751e8b465ee728b)  -> (artifact id: '00000000000000000000000000000000') in 0.000725 seconds
  ERROR: Build asset version error: assets/scripts/menuuihandler.cs in SourceAssetDB has modification time of '2021-11-30T22:45:50.6825857Z' while content on disk has modification time of '2021-12-01T19:24:11.9568969Z'
  Import took 0.007563 seconds .

========================================================================
Received Prepare
Registering precompiled user dll's ...
Registered in 0.003145 seconds.
Begin MonoManager ReloadAssembly
Native extension for WindowsStandalone target not found
Refreshing native plugins compatible for Editor in 0.89 ms, found 0 plugins.
Preloading 0 native plugins for Editor in 0.00 ms.
Mono: successfully reloaded assembly
- Completed reload, in  1.759 seconds
Platform modules already initialized, skipping
Shader 'Universal Render Pipeline/Particles/Lit': fallback shader 'Universal Render Pipeline/Particles/SimpleLit' not found
Refreshing native plugins compatible for Editor in 0.70 ms, found 0 plugins.
Preloading 0 native plugins for Editor in 0.00 ms.
Unloading 2315 Unused Serialized files (Serialized files now loaded: 0)
System memory in use before: 106.8 MB.
System memory in use after: 107.0 MB.

Unloading 5 unused Assets to reduce memory usage. Loaded Objects now: 2869.
Total: 4.891200 ms (FindLiveObjects: 1.550800 ms CreateObjectMapping: 0.185600 ms MarkObjects: 3.129200 ms  DeleteObjects: 0.023500 ms)

========================================================================
Received Import Request.
  Time since last request: 293.330613 seconds.
  path: Assets/Scripts/MenuManager.cs
  artifactKey: Guid(98f31efb72b14f2439c7290ae4959d62) Importer(815301076,1909f56bfc062723c751e8b465ee728b)
Start importing Assets/Scripts/MenuManager.cs using Guid(98f31efb72b14f2439c7290ae4959d62) Importer(815301076,1909f56bfc062723c751e8b465ee728b)  -> (artifact id: 'a26341daaddaa37af6259b9a238c626c') in 0.014196 seconds
  Import took 0.031650 seconds .

========================================================================
Received Import Request.
  Time since last request: 3.459132 seconds.
  path: Assets/Scripts/MenuManager.cs
  artifactKey: Guid(98f31efb72b14f2439c7290ae4959d62) Importer(815301076,1909f56bfc062723c751e8b465ee728b)
Start importing Assets/Scripts/MenuManager.cs using Guid(98f31efb72b14f2439c7290ae4959d62) Importer(815301076,1909f56bfc062723c751e8b465ee728b)  -> (artifact id: 'a26341daaddaa37af6259b9a238c626c') in 0.009390 seconds
  Import took 0.020463 seconds .

========================================================================
Received Import Request.
  Time since last request: 5.263979 seconds.
  path: Assets/Scripts/MenuUIHandler.cs
  artifactKey: Guid(2471772f1495cd240b411b8d891a681c) Importer(815301076,1909f56bfc062723c751e8b465ee728b)
Start importing Assets/Scripts/MenuUIHandler.cs using Guid(2471772f1495cd240b411b8d891a681c) Importer(815301076,1909f56bfc062723c751e8b465ee728b)  -> (artifact id: '4784a901b45213f9b1da3ab7013a3524') in 0.017119 seconds
  Import took 0.037076 seconds .

========================================================================
Received Import Request.
  Time since last request: 3.334414 seconds.
  path: Assets/Scripts/MainManager.cs
  artifactKey: Guid(d110623a642692246a42fbc2d8d89884) Importer(815301076,1909f56bfc062723c751e8b465ee728b)
Start importing Assets/Scripts/MainManager.cs using Guid(d110623a642692246a42fbc2d8d89884) Importer(815301076,1909f56bfc062723c751e8b465ee728b)  -> (artifact id: '414e519248eab76cbf443d906ac925f5') in 0.011562 seconds
  Import took 0.031147 seconds .

========================================================================
Received Prepare
Registering precompiled user dll's ...
Registered in 0.004034 seconds.
Begin MonoManager ReloadAssembly
Native extension for WindowsStandalone target not found
Refreshing native plugins compatible for Editor in 0.67 ms, found 0 plugins.
Preloading 0 native plugins for Editor in 0.00 ms.
Mono: successfully reloaded assembly
- Completed reload, in  1.653 seconds
Platform modules already initialized, skipping
Shader 'Universal Render Pipeline/Particles/Lit': fallback shader 'Universal Render Pipeline/Particles/SimpleLit' not found
Refreshing native plugins compatible for Editor in 0.95 ms, found 0 plugins.
Preloading 0 native plugins for Editor in 0.00 ms.
Unloading 2315 Unused Serialized files (Serialized files now loaded: 0)
System memory in use before: 106.8 MB.
System memory in use after: 107.0 MB.

Unloading 5 unused Assets to reduce memory usage. Loaded Objects now: 2872.
Total: 4.937500 ms (FindLiveObjects: 0.719100 ms CreateObjectMapping: 0.254500 ms MarkObjects: 3.944300 ms  DeleteObjects: 0.018400 ms)

========================================================================
Received Prepare
Registering precompiled user dll's ...
Registered in 0.004424 seconds.
Begin MonoManager ReloadAssembly
Native extension for WindowsStandalone target not found
Refreshing native plugins compatible for Editor in 0.61 ms, found 0 plugins.
Preloading 0 native plugins for Editor in 0.00 ms.
Mono: successfully reloaded assembly
- Completed reload, in  2.831 seconds
Platform modules already initialized, skipping
Shader 'Universal Render Pipeline/Particles/Lit': fallback shader 'Universal Render Pipeline/Particles/SimpleLit' not found
Refreshing native plugins compatible for Editor in 0.65 ms, found 0 plugins.
Preloading 0 native plugins for Editor in 0.00 ms.
Unloading 2315 Unused Serialized files (Serialized files now loaded: 0)
System memory in use before: 106.8 MB.
System memory in use after: 107.1 MB.

Unloading 5 unused Assets to reduce memory usage. Loaded Objects now: 2875.
Total: 12.693400 ms (FindLiveObjects: 0.595000 ms CreateObjectMapping: 0.131200 ms MarkObjects: 11.939200 ms  DeleteObjects: 0.026300 ms)

========================================================================
Received Prepare
Registering precompiled user dll's ...
Registered in 0.003091 seconds.
Begin MonoManager ReloadAssembly
Native extension for WindowsStandalone target not found
Refreshing native plugins compatible for Editor in 0.61 ms, found 0 plugins.
Preloading 0 native plugins for Editor in 0.00 ms.
Mono: successfully reloaded assembly
- Completed reload, in  1.617 seconds
Platform modules already initialized, skipping
Shader 'Universal Render Pipeline/Particles/Lit': fallback shader 'Universal Render Pipeline/Particles/SimpleLit' not found
Refreshing native plugins compatible for Editor in 0.60 ms, found 0 plugins.
Preloading 0 native plugins for Editor in 0.00 ms.
Unloading 2315 Unused Serialized files (Serialized files now loaded: 0)
System memory in use before: 106.8 MB.
System memory in use after: 107.1 MB.

Unloading 5 unused Assets to reduce memory usage. Loaded Objects now: 2878.
Total: 4.256700 ms (FindLiveObjects: 0.491500 ms CreateObjectMapping: 0.172200 ms MarkObjects: 3.565700 ms  DeleteObjects: 0.024700 ms)

========================================================================
Received Prepare
Registering precompiled user dll's ...
Registered in 0.002943 seconds.
Begin MonoManager ReloadAssembly
Native extension for WindowsStandalone target not found
Refreshing native plugins compatible for Editor in 2.22 ms, found 0 plugins.
Preloading 0 native plugins for Editor in 0.00 ms.
Mono: successfully reloaded assembly
- Completed reload, in  4.471 seconds
Platform modules already initialized, skipping
Shader 'Universal Render Pipeline/Particles/Lit': fallback shader 'Universal Render Pipeline/Particles/SimpleLit' not found
Refreshing native plugins compatible for Editor in 1.43 ms, found 0 plugins.
Preloading 0 native plugins for Editor in 0.00 ms.
Unloading 2315 Unused Serialized files (Serialized files now loaded: 0)
System memory in use before: 106.8 MB.
System memory in use after: 107.0 MB.

Unloading 5 unused Assets to reduce memory usage. Loaded Objects now: 2881.
Total: 15.791900 ms (FindLiveObjects: 3.884800 ms CreateObjectMapping: 2.815300 ms MarkObjects: 9.062100 ms  DeleteObjects: 0.028100 ms)

========================================================================
Received Prepare
Registering precompiled user dll's ...
Registered in 0.002472 seconds.
Begin MonoManager ReloadAssembly
Native extension for WindowsStandalone target not found
Refreshing native plugins compatible for Editor in 0.60 ms, found 0 plugins.
Preloading 0 native plugins for Editor in 0.00 ms.
Mono: successfully reloaded assembly
- Completed reload, in  1.653 seconds
Platform modules already initialized, skipping
Shader 'Universal Render Pipeline/Particles/Lit': fallback shader 'Universal Render Pipeline/Particles/SimpleLit' not found
Refreshing native plugins compatible for Editor in 0.73 ms, found 0 plugins.
Preloading 0 native plugins for Editor in 0.00 ms.
Unloading 2315 Unused Serialized files (Serialized files now loaded: 0)
System memory in use before: 106.9 MB.
System memory in use after: 107.1 MB.

Unloading 5 unused Assets to reduce memory usage. Loaded Objects now: 2884.
Total: 3.523300 ms (FindLiveObjects: 0.544600 ms CreateObjectMapping: 0.129600 ms MarkObjects: 2.820000 ms  DeleteObjects: 0.026800 ms)

========================================================================
Received Import Request.
  Time since last request: 734.867130 seconds.
  path: Assets/Scenes/menu.unity
  artifactKey: Guid(d5c179ac9453049418c2d25d2c50f0a2) Importer(815301076,1909f56bfc062723c751e8b465ee728b)
Start importing Assets/Scenes/menu.unity using Guid(d5c179ac9453049418c2d25d2c50f0a2) Importer(815301076,1909f56bfc062723c751e8b465ee728b)  -> (artifact id: 'dd9166e948c7c4de82706d53cf530f7c') in 0.026837 seconds
  Import took 0.049489 seconds .

========================================================================
Received Prepare
Registering precompiled user dll's ...
Registered in 0.003353 seconds.
Begin MonoManager ReloadAssembly
Native extension for WindowsStandalone target not found
Refreshing native plugins compatible for Editor in 0.61 ms, found 0 plugins.
Preloading 0 native plugins for Editor in 0.00 ms.
Mono: successfully reloaded assembly
- Completed reload, in  1.806 seconds
Platform modules already initialized, skipping
Shader 'Universal Render Pipeline/Particles/Lit': fallback shader 'Universal Render Pipeline/Particles/SimpleLit' not found
Refreshing native plugins compatible for Editor in 0.60 ms, found 0 plugins.
Preloading 0 native plugins for Editor in 0.00 ms.
Unloading 2315 Unused Serialized files (Serialized files now loaded: 0)
System memory in use before: 106.9 MB.
System memory in use after: 107.1 MB.

Unloading 5 unused Assets to reduce memory usage. Loaded Objects now: 2887.
Total: 3.589900 ms (FindLiveObjects: 0.453600 ms CreateObjectMapping: 0.308400 ms MarkObjects: 2.807500 ms  DeleteObjects: 0.018500 ms)

========================================================================
Received Prepare
Registering precompiled user dll's ...
Registered in 0.004078 seconds.
Begin MonoManager ReloadAssembly
Native extension for WindowsStandalone target not found
Refreshing native plugins compatible for Editor in 0.60 ms, found 0 plugins.
Preloading 0 native plugins for Editor in 0.00 ms.
Mono: successfully reloaded assembly
- Completed reload, in  1.648 seconds
Platform modules already initialized, skipping
Shader 'Universal Render Pipeline/Particles/Lit': fallback shader 'Universal Render Pipeline/Particles/SimpleLit' not found
Refreshing native plugins compatible for Editor in 0.94 ms, found 0 plugins.
Preloading 0 native plugins for Editor in 0.00 ms.
Unloading 2315 Unused Serialized files (Serialized files now loaded: 0)
System memory in use before: 106.9 MB.
System memory in use after: 107.1 MB.

Unloading 5 unused Assets to reduce memory usage. Loaded Objects now: 2890.
Total: 3.289300 ms (FindLiveObjects: 0.495500 ms CreateObjectMapping: 0.143800 ms MarkObjects: 2.623400 ms  DeleteObjects: 0.024700 ms)

========================================================================
Received Import Request.
  Time since last request: 258.614193 seconds.
  path: Assets/Scenes/main.unity
  artifactKey: Guid(78a510c781f19db4da14f78ebb30946a) Importer(815301076,1909f56bfc062723c751e8b465ee728b)
Start importing Assets/Scenes/main.unity using Guid(78a510c781f19db4da14f78ebb30946a) Importer(815301076,1909f56bfc062723c751e8b465ee728b)  -> (artifact id: '392b13e35f56b00d9eacaa0678696ce3') in 0.021680 seconds
  Import took 0.066939 seconds .

========================================================================
Received Import Request.
  Time since last request: 18.658155 seconds.
  path: Assets/Scenes/menu.unity
  artifactKey: Guid(d5c179ac9453049418c2d25d2c50f0a2) Importer(815301076,1909f56bfc062723c751e8b465ee728b)
Start importing Assets/Scenes/menu.unity using Guid(d5c179ac9453049418c2d25d2c50f0a2) Importer(815301076,1909f56bfc062723c751e8b465ee728b)  -> (artifact id: '464445bcfa651ba4810b7c4a88334ec1') in 0.007317 seconds
  Import took 0.013900 seconds .

========================================================================
Received Prepare
Registering precompiled user dll's ...
Registered in 0.004806 seconds.
Begin MonoManager ReloadAssembly
Native extension for WindowsStandalone target not found
Refreshing native plugins compatible for Editor in 0.88 ms, found 0 plugins.
Preloading 0 native plugins for Editor in 0.00 ms.
Mono: successfully reloaded assembly
- Completed reload, in  4.909 seconds
Platform modules already initialized, skipping
Shader 'Universal Render Pipeline/Particles/Lit': fallback shader 'Universal Render Pipeline/Particles/SimpleLit' not found
Refreshing native plugins compatible for Editor in 0.92 ms, found 0 plugins.
Preloading 0 native plugins for Editor in 0.00 ms.
Unloading 2315 Unused Serialized files (Serialized files now loaded: 0)
System memory in use before: 106.9 MB.
System memory in use after: 107.1 MB.

Unloading 5 unused Assets to reduce memory usage. Loaded Objects now: 2893.
Total: 14.605700 ms (FindLiveObjects: 1.357100 ms CreateObjectMapping: 0.286100 ms MarkObjects: 12.457400 ms  DeleteObjects: 0.502400 ms)

========================================================================
Received Prepare
Registering precompiled user dll's ...
Registered in 0.002380 seconds.
Begin MonoManager ReloadAssembly
Native extension for WindowsStandalone target not found
Refreshing native plugins compatible for Editor in 0.61 ms, found 0 plugins.
Preloading 0 native plugins for Editor in 0.00 ms.
Mono: successfully reloaded assembly
- Completed reload, in  1.690 seconds
Platform modules already initialized, skipping
Shader 'Universal Render Pipeline/Particles/Lit': fallback shader 'Universal Render Pipeline/Particles/SimpleLit' not found
Refreshing native plugins compatible for Editor in 0.59 ms, found 0 plugins.
Preloading 0 native plugins for Editor in 0.00 ms.
Unloading 2315 Unused Serialized files (Serialized files now loaded: 0)
System memory in use before: 106.8 MB.
System memory in use after: 107.0 MB.

Unloading 5 unused Assets to reduce memory usage. Loaded Objects now: 2896.
Total: 4.004100 ms (FindLiveObjects: 0.507100 ms CreateObjectMapping: 0.147200 ms MarkObjects: 3.304100 ms  DeleteObjects: 0.043700 ms)

========================================================================
Received Import Request.
  Time since last request: 236.538891 seconds.
  path: Assets/Scripts/MenuManager.cs
  artifactKey: Guid(98f31efb72b14f2439c7290ae4959d62) Importer(815301076,1909f56bfc062723c751e8b465ee728b)
Start importing Assets/Scripts/MenuManager.cs using Guid(98f31efb72b14f2439c7290ae4959d62) Importer(815301076,1909f56bfc062723c751e8b465ee728b)  -> (artifact id: '8d322fd0fbe412a8611599d6c5047b4c') in 0.015063 seconds
  Import took 0.040399 seconds .

========================================================================
Received Import Request.
  Time since last request: 0.015441 seconds.
  path: Assets/Scripts/MenuManager.cs
  artifactKey: Guid(98f31efb72b14f2439c7290ae4959d62) Importer(815301076,1909f56bfc062723c751e8b465ee728b)
Start importing Assets/Scripts/MenuManager.cs using Guid(98f31efb72b14f2439c7290ae4959d62) Importer(815301076,1909f56bfc062723c751e8b465ee728b)  -> (artifact id: '8d322fd0fbe412a8611599d6c5047b4c') in 0.017933 seconds
  Import took 0.029924 seconds .

========================================================================
Received Prepare
Registering precompiled user dll's ...
Registered in 0.002714 seconds.
Begin MonoManager ReloadAssembly
Native extension for WindowsStandalone target not found
Refreshing native plugins compatible for Editor in 0.68 ms, found 0 plugins.
Preloading 0 native plugins for Editor in 0.00 ms.
Mono: successfully reloaded assembly
- Completed reload, in  1.731 seconds
Platform modules already initialized, skipping
Shader 'Universal Render Pipeline/Particles/Lit': fallback shader 'Universal Render Pipeline/Particles/SimpleLit' not found
Refreshing native plugins compatible for Editor in 0.70 ms, found 0 plugins.
Preloading 0 native plugins for Editor in 0.00 ms.
Unloading 2315 Unused Serialized files (Serialized files now loaded: 0)
System memory in use before: 106.9 MB.
System memory in use after: 107.1 MB.

Unloading 5 unused Assets to reduce memory usage. Loaded Objects now: 2899.
Total: 3.679700 ms (FindLiveObjects: 0.509500 ms CreateObjectMapping: 0.144400 ms MarkObjects: 2.995000 ms  DeleteObjects: 0.029200 ms)

========================================================================
Received Prepare
Registering precompiled user dll's ...
Registered in 0.002883 seconds.
Begin MonoManager ReloadAssembly
Native extension for WindowsStandalone target not found
Refreshing native plugins compatible for Editor in 0.59 ms, found 0 plugins.
Preloading 0 native plugins for Editor in 0.00 ms.
Mono: successfully reloaded assembly
- Completed reload, in  2.058 seconds
Platform modules already initialized, skipping
Shader 'Universal Render Pipeline/Particles/Lit': fallback shader 'Universal Render Pipeline/Particles/SimpleLit' not found
Refreshing native plugins compatible for Editor in 0.65 ms, found 0 plugins.
Preloading 0 native plugins for Editor in 0.00 ms.
Unloading 2315 Unused Serialized files (Serialized files now loaded: 0)
System memory in use before: 106.9 MB.
System memory in use after: 107.1 MB.

Unloading 5 unused Assets to reduce memory usage. Loaded Objects now: 2902.
Total: 4.379900 ms (FindLiveObjects: 0.638400 ms CreateObjectMapping: 0.166700 ms MarkObjects: 3.553000 ms  DeleteObjects: 0.020100 ms)

========================================================================
Received Prepare
Registering precompiled user dll's ...
Registered in 0.003995 seconds.
Begin MonoManager ReloadAssembly
Native extension for WindowsStandalone target not found
Refreshing native plugins compatible for Editor in 0.59 ms, found 0 plugins.
Preloading 0 native plugins for Editor in 0.00 ms.
Mono: successfully reloaded assembly
- Completed reload, in  1.603 seconds
Platform modules already initialized, skipping
Shader 'Universal Render Pipeline/Particles/Lit': fallback shader 'Universal Render Pipeline/Particles/SimpleLit' not found
Refreshing native plugins compatible for Editor in 0.86 ms, found 0 plugins.
Preloading 0 native plugins for Editor in 0.00 ms.
Unloading 2315 Unused Serialized files (Serialized files now loaded: 0)
System memory in use before: 106.9 MB.
System memory in use after: 107.2 MB.

Unloading 5 unused Assets to reduce memory usage. Loaded Objects now: 2905.
Total: 3.336200 ms (FindLiveObjects: 0.507900 ms CreateObjectMapping: 0.137000 ms MarkObjects: 2.670000 ms  DeleteObjects: 0.019700 ms)

========================================================================
Received Import Request.
  Time since last request: 214.449805 seconds.
  path: Assets/Scenes/main.unity
  artifactKey: Guid(78a510c781f19db4da14f78ebb30946a) Importer(815301076,1909f56bfc062723c751e8b465ee728b)
Start importing Assets/Scenes/main.unity using Guid(78a510c781f19db4da14f78ebb30946a) Importer(815301076,1909f56bfc062723c751e8b465ee728b)  -> (artifact id: '3a63d94858c9cbed1ead825300c37469') in 0.022417 seconds
  Import took 0.037735 seconds .

========================================================================
Received Import Request.
  Time since last request: 192.564955 seconds.
  path: Assets/Scenes/main.unity
  artifactKey: Guid(78a510c781f19db4da14f78ebb30946a) Importer(815301076,1909f56bfc062723c751e8b465ee728b)
Start importing Assets/Scenes/main.unity using Guid(78a510c781f19db4da14f78ebb30946a) Importer(815301076,1909f56bfc062723c751e8b465ee728b)  -> (artifact id: 'ed35c7673ac15d1bacb71567cf63bf90') in 0.013923 seconds
  Import took 0.031059 seconds .

========================================================================
Received Prepare
Registering precompiled user dll's ...
Registered in 0.004410 seconds.
Begin MonoManager ReloadAssembly
Native extension for WindowsStandalone target not found
Refreshing native plugins compatible for Editor in 0.62 ms, found 0 plugins.
Preloading 0 native plugins for Editor in 0.00 ms.
Mono: successfully reloaded assembly
- Completed reload, in  2.094 seconds
Platform modules already initialized, skipping
Shader 'Universal Render Pipeline/Particles/Lit': fallback shader 'Universal Render Pipeline/Particles/SimpleLit' not found
Refreshing native plugins compatible for Editor in 0.60 ms, found 0 plugins.
Preloading 0 native plugins for Editor in 0.00 ms.
Unloading 2315 Unused Serialized files (Serialized files now loaded: 0)
System memory in use before: 106.9 MB.
System memory in use after: 107.2 MB.

Unloading 5 unused Assets to reduce memory usage. Loaded Objects now: 2908.
Total: 3.985500 ms (FindLiveObjects: 0.557700 ms CreateObjectMapping: 0.369600 ms MarkObjects: 3.030100 ms  DeleteObjects: 0.026000 ms)

========================================================================
Received Prepare
Registering precompiled user dll's ...
Registered in 0.002897 seconds.
Begin MonoManager ReloadAssembly
Native extension for WindowsStandalone target not found
Refreshing native plugins compatible for Editor in 0.62 ms, found 0 plugins.
Preloading 0 native plugins for Editor in 0.00 ms.
Mono: successfully reloaded assembly
- Completed reload, in  1.779 seconds
Platform modules already initialized, skipping
Shader 'Universal Render Pipeline/Particles/Lit': fallback shader 'Universal Render Pipeline/Particles/SimpleLit' not found
Refreshing native plugins compatible for Editor in 0.64 ms, found 0 plugins.
Preloading 0 native plugins for Editor in 0.00 ms.
Unloading 2315 Unused Serialized files (Serialized files now loaded: 0)
System memory in use before: 106.9 MB.
System memory in use after: 107.1 MB.

Unloading 5 unused Assets to reduce memory usage. Loaded Objects now: 2911.
Total: 3.880700 ms (FindLiveObjects: 1.173900 ms CreateObjectMapping: 0.160800 ms MarkObjects: 2.523400 ms  DeleteObjects: 0.020500 ms)

========================================================================
Received Prepare
Registering precompiled user dll's ...
Registered in 0.004565 seconds.
Begin MonoManager ReloadAssembly
Native extension for WindowsStandalone target not found
Refreshing native plugins compatible for Editor in 1.73 ms, found 0 plugins.
Preloading 0 native plugins for Editor in 0.00 ms.
Mono: successfully reloaded assembly
- Completed reload, in  2.266 seconds
Platform modules already initialized, skipping
Shader 'Universal Render Pipeline/Particles/Lit': fallback shader 'Universal Render Pipeline/Particles/SimpleLit' not found
Refreshing native plugins compatible for Editor in 0.59 ms, found 0 plugins.
Preloading 0 native plugins for Editor in 0.00 ms.
Unloading 2315 Unused Serialized files (Serialized files now loaded: 0)
System memory in use before: 107.0 MB.
System memory in use after: 107.2 MB.

Unloading 5 unused Assets to reduce memory usage. Loaded Objects now: 2914.
Total: 5.918100 ms (FindLiveObjects: 0.841400 ms CreateObjectMapping: 0.266300 ms MarkObjects: 4.780400 ms  DeleteObjects: 0.027400 ms)

========================================================================
Received Prepare
Registering precompiled user dll's ...
Registered in 0.003237 seconds.
Begin MonoManager ReloadAssembly
Native extension for WindowsStandalone target not found
Refreshing native plugins compatible for Editor in 1.41 ms, found 0 plugins.
Preloading 0 native plugins for Editor in 0.00 ms.
Mono: successfully reloaded assembly
- Completed reload, in  2.322 seconds
Platform modules already initialized, skipping
Shader 'Universal Render Pipeline/Particles/Lit': fallback shader 'Universal Render Pipeline/Particles/SimpleLit' not found
Refreshing native plugins compatible for Editor in 0.66 ms, found 0 plugins.
Preloading 0 native plugins for Editor in 0.00 ms.
Unloading 2315 Unused Serialized files (Serialized files now loaded: 0)
System memory in use before: 107.0 MB.
System memory in use after: 107.2 MB.

Unloading 5 unused Assets to reduce memory usage. Loaded Objects now: 2917.
Total: 3.935100 ms (FindLiveObjects: 0.882900 ms CreateObjectMapping: 0.163900 ms MarkObjects: 2.864900 ms  DeleteObjects: 0.021600 ms)

========================================================================
Received Prepare
Registering precompiled user dll's ...
Registered in 0.003054 seconds.
Begin MonoManager ReloadAssembly
Native extension for WindowsStandalone target not found
Refreshing native plugins compatible for Editor in 1.39 ms, found 0 plugins.
Preloading 0 native plugins for Editor in 0.00 ms.
Mono: successfully reloaded assembly
- Completed reload, in  2.881 seconds
Platform modules already initialized, skipping
Shader 'Universal Render Pipeline/Particles/Lit': fallback shader 'Universal Render Pipeline/Particles/SimpleLit' not found
Refreshing native plugins compatible for Editor in 1.25 ms, found 0 plugins.
Preloading 0 native plugins for Editor in 0.00 ms.
Unloading 2315 Unused Serialized files (Serialized files now loaded: 0)
System memory in use before: 107.0 MB.
System memory in use after: 107.2 MB.

Unloading 5 unused Assets to reduce memory usage. Loaded Objects now: 2920.
Total: 19.490200 ms (FindLiveObjects: 3.547400 ms CreateObjectMapping: 0.348700 ms MarkObjects: 15.563600 ms  DeleteObjects: 0.028600 ms)

========================================================================
Received Prepare
Registering precompiled user dll's ...
Registered in 0.006934 seconds.
Begin MonoManager ReloadAssembly
Native extension for WindowsStandalone target not found
Refreshing native plugins compatible for Editor in 3.09 ms, found 0 plugins.
Preloading 0 native plugins for Editor in 0.00 ms.
Mono: successfully reloaded assembly
- Completed reload, in  6.519 seconds
Platform modules already initialized, skipping
Shader 'Universal Render Pipeline/Particles/Lit': fallback shader 'Universal Render Pipeline/Particles/SimpleLit' not found
Refreshing native plugins compatible for Editor in 0.61 ms, found 0 plugins.
Preloading 0 native plugins for Editor in 0.00 ms.
Unloading 2315 Unused Serialized files (Serialized files now loaded: 0)
System memory in use before: 107.0 MB.
System memory in use after: 107.2 MB.

Unloading 5 unused Assets to reduce memory usage. Loaded Objects now: 2923.
Total: 11.042300 ms (FindLiveObjects: 1.020700 ms CreateObjectMapping: 0.244800 ms MarkObjects: 9.748500 ms  DeleteObjects: 0.026000 ms)

========================================================================
Received Prepare
Registering precompiled user dll's ...
Registered in 0.004083 seconds.
Begin MonoManager ReloadAssembly
Native extension for WindowsStandalone target not found
Refreshing native plugins compatible for Editor in 0.79 ms, found 0 plugins.
Preloading 0 native plugins for Editor in 0.00 ms.
Mono: successfully reloaded assembly
- Completed reload, in  1.929 seconds
Platform modules already initialized, skipping
Shader 'Universal Render Pipeline/Particles/Lit': fallback shader 'Universal Render Pipeline/Particles/SimpleLit' not found
Refreshing native plugins compatible for Editor in 0.77 ms, found 0 plugins.
Preloading 0 native plugins for Editor in 0.00 ms.
Unloading 2315 Unused Serialized files (Serialized files now loaded: 0)
System memory in use before: 106.9 MB.
System memory in use after: 107.1 MB.

Unloading 5 unused Assets to reduce memory usage. Loaded Objects now: 2926.
Total: 3.372700 ms (FindLiveObjects: 0.555200 ms CreateObjectMapping: 0.140500 ms MarkObjects: 2.654500 ms  DeleteObjects: 0.020700 ms)

========================================================================
Received Import Request.
  Time since last request: 8032.184889 seconds.
  path: Assets/Scenes/main.unity
  artifactKey: Guid(78a510c781f19db4da14f78ebb30946a) Importer(815301076,1909f56bfc062723c751e8b465ee728b)
Start importing Assets/Scenes/main.unity using Guid(78a510c781f19db4da14f78ebb30946a) Importer(815301076,1909f56bfc062723c751e8b465ee728b)  -> (artifact id: '7a1d2eeba8cf4d53495cfe026b8cd330') in 0.150583 seconds
  Import took 0.182101 seconds .

========================================================================
Received Import Request.
  Time since last request: 300.470588 seconds.
  path: Assets/Scenes/menu.unity
  artifactKey: Guid(d5c179ac9453049418c2d25d2c50f0a2) Importer(815301076,1909f56bfc062723c751e8b465ee728b)
Start importing Assets/Scenes/menu.unity using Guid(d5c179ac9453049418c2d25d2c50f0a2) Importer(815301076,1909f56bfc062723c751e8b465ee728b)  -> (artifact id: '0b09e47df0eeb9acedaadffab1a7787d') in 0.014270 seconds
  Import took 0.055423 seconds .

========================================================================
Received Prepare
Registering precompiled user dll's ...
Registered in 0.007457 seconds.
Begin MonoManager ReloadAssembly
Native extension for WindowsStandalone target not found
Refreshing native plugins compatible for Editor in 0.65 ms, found 0 plugins.
Preloading 0 native plugins for Editor in 0.00 ms.
Mono: successfully reloaded assembly
- Completed reload, in  2.425 seconds
Platform modules already initialized, skipping
Shader 'Universal Render Pipeline/Particles/Lit': fallback shader 'Universal Render Pipeline/Particles/SimpleLit' not found
Refreshing native plugins compatible for Editor in 0.63 ms, found 0 plugins.
Preloading 0 native plugins for Editor in 0.00 ms.
Unloading 2315 Unused Serialized files (Serialized files now loaded: 0)
System memory in use before: 107.0 MB.
System memory in use after: 107.2 MB.

Unloading 5 unused Assets to reduce memory usage. Loaded Objects now: 2929.
Total: 5.825500 ms (FindLiveObjects: 2.098800 ms CreateObjectMapping: 0.202300 ms MarkObjects: 3.490000 ms  DeleteObjects: 0.032900 ms)

========================================================================
Received Prepare
Registering precompiled user dll's ...
Registered in 0.009732 seconds.
Begin MonoManager ReloadAssembly
Native extension for WindowsStandalone target not found
Refreshing native plugins compatible for Editor in 1.98 ms, found 0 plugins.
Preloading 0 native plugins for Editor in 0.00 ms.
Mono: successfully reloaded assembly
- Completed reload, in  5.412 seconds
Platform modules already initialized, skipping
Shader 'Universal Render Pipeline/Particles/Lit': fallback shader 'Universal Render Pipeline/Particles/SimpleLit' not found
Refreshing native plugins compatible for Editor in 1.28 ms, found 0 plugins.
Preloading 0 native plugins for Editor in 0.00 ms.
Unloading 2315 Unused Serialized files (Serialized files now loaded: 0)
System memory in use before: 107.0 MB.
System memory in use after: 107.2 MB.

Unloading 5 unused Assets to reduce memory usage. Loaded Objects now: 2932.
Total: 12.552800 ms (FindLiveObjects: 4.115900 ms CreateObjectMapping: 4.012900 ms MarkObjects: 4.395900 ms  DeleteObjects: 0.026500 ms)

========================================================================
Received Import Request.
  Time since last request: 90.898874 seconds.
  path: Assets/Scenes/main.unity
  artifactKey: Guid(78a510c781f19db4da14f78ebb30946a) Importer(815301076,1909f56bfc062723c751e8b465ee728b)
Start importing Assets/Scenes/main.unity using Guid(78a510c781f19db4da14f78ebb30946a) Importer(815301076,1909f56bfc062723c751e8b465ee728b)  -> (artifact id: '5820f018b51bd8d45bc2a41145dc7736') in 0.038439 seconds
  Import took 0.053109 seconds .

========================================================================
Received Prepare
Registering precompiled user dll's ...
Registered in 0.008640 seconds.
Begin MonoManager ReloadAssembly
Native extension for WindowsStandalone target not found
Refreshing native plugins compatible for Editor in 0.60 ms, found 0 plugins.
Preloading 0 native plugins for Editor in 0.00 ms.
Mono: successfully reloaded assembly
- Completed reload, in  2.931 seconds
Platform modules already initialized, skipping
Shader 'Universal Render Pipeline/Particles/Lit': fallback shader 'Universal Render Pipeline/Particles/SimpleLit' not found
Refreshing native plugins compatible for Editor in 0.66 ms, found 0 plugins.
Preloading 0 native plugins for Editor in 0.00 ms.
Unloading 2315 Unused Serialized files (Serialized files now loaded: 0)
System memory in use before: 107.0 MB.
System memory in use after: 107.2 MB.

Unloading 5 unused Assets to reduce memory usage. Loaded Objects now: 2935.
Total: 4.218600 ms (FindLiveObjects: 0.656700 ms CreateObjectMapping: 0.321500 ms MarkObjects: 3.218800 ms  DeleteObjects: 0.019700 ms)

========================================================================
Received Prepare
Registering precompiled user dll's ...
Registered in 0.010198 seconds.
Begin MonoManager ReloadAssembly
Native extension for WindowsStandalone target not found
Refreshing native plugins compatible for Editor in 0.65 ms, found 0 plugins.
Preloading 0 native plugins for Editor in 0.00 ms.
Mono: successfully reloaded assembly
- Completed reload, in  2.783 seconds
Platform modules already initialized, skipping
Shader 'Universal Render Pipeline/Particles/Lit': fallback shader 'Universal Render Pipeline/Particles/SimpleLit' not found
Refreshing native plugins compatible for Editor in 1.19 ms, found 0 plugins.
Preloading 0 native plugins for Editor in 0.00 ms.
Unloading 2315 Unused Serialized files (Serialized files now loaded: 0)
System memory in use before: 107.0 MB.
System memory in use after: 107.2 MB.

Unloading 5 unused Assets to reduce memory usage. Loaded Objects now: 2938.
Total: 6.788800 ms (FindLiveObjects: 0.938500 ms CreateObjectMapping: 0.403300 ms MarkObjects: 5.417900 ms  DeleteObjects: 0.027300 ms)

========================================================================
Received Import Request.
  Time since last request: 288.884916 seconds.
  path: Assets/Scenes/main.unity
  artifactKey: Guid(78a510c781f19db4da14f78ebb30946a) Importer(815301076,1909f56bfc062723c751e8b465ee728b)
Start importing Assets/Scenes/main.unity using Guid(78a510c781f19db4da14f78ebb30946a) Importer(815301076,1909f56bfc062723c751e8b465ee728b)  -> (artifact id: 'aa0dc06d925d104ccac351f37b194864') in 0.110036 seconds
  Import took 0.214077 seconds .

========================================================================
Received Prepare
Registering precompiled user dll's ...
Registered in 0.002792 seconds.
Begin MonoManager ReloadAssembly
Native extension for WindowsStandalone target not found
Refreshing native plugins compatible for Editor in 0.66 ms, found 0 plugins.
Preloading 0 native plugins for Editor in 0.00 ms.
Mono: successfully reloaded assembly
- Completed reload, in  2.592 seconds
Platform modules already initialized, skipping
Shader 'Universal Render Pipeline/Particles/Lit': fallback shader 'Universal Render Pipeline/Particles/SimpleLit' not found
Refreshing native plugins compatible for Editor in 0.93 ms, found 0 plugins.
Preloading 0 native plugins for Editor in 0.00 ms.
Unloading 2315 Unused Serialized files (Serialized files now loaded: 0)
System memory in use before: 106.9 MB.
System memory in use after: 107.2 MB.

Unloading 5 unused Assets to reduce memory usage. Loaded Objects now: 2941.
Total: 4.611300 ms (FindLiveObjects: 0.629900 ms CreateObjectMapping: 0.152200 ms MarkObjects: 3.798900 ms  DeleteObjects: 0.028700 ms)

========================================================================
Received Prepare
Registering precompiled user dll's ...
Registered in 0.003221 seconds.
Begin MonoManager ReloadAssembly
Native extension for WindowsStandalone target not found
Refreshing native plugins compatible for Editor in 0.61 ms, found 0 plugins.
Preloading 0 native plugins for Editor in 0.00 ms.
Mono: successfully reloaded assembly
- Completed reload, in  3.158 seconds
Platform modules already initialized, skipping
Shader 'Universal Render Pipeline/Particles/Lit': fallback shader 'Universal Render Pipeline/Particles/SimpleLit' not found
Refreshing native plugins compatible for Editor in 1.42 ms, found 0 plugins.
Preloading 0 native plugins for Editor in 0.00 ms.
Unloading 2315 Unused Serialized files (Serialized files now loaded: 0)
System memory in use before: 107.0 MB.
System memory in use after: 107.3 MB.

Unloading 5 unused Assets to reduce memory usage. Loaded Objects now: 2944.
Total: 12.599800 ms (FindLiveObjects: 3.715900 ms CreateObjectMapping: 0.498500 ms MarkObjects: 8.360000 ms  DeleteObjects: 0.023200 ms)

========================================================================
Received Prepare
Registering precompiled user dll's ...
Registered in 0.002518 seconds.
Begin MonoManager ReloadAssembly
Native extension for WindowsStandalone target not found
Refreshing native plugins compatible for Editor in 0.69 ms, found 0 plugins.
Preloading 0 native plugins for Editor in 0.00 ms.
Mono: successfully reloaded assembly
- Completed reload, in  2.333 seconds
Platform modules already initialized, skipping
Shader 'Universal Render Pipeline/Particles/Lit': fallback shader 'Universal Render Pipeline/Particles/SimpleLit' not found
Refreshing native plugins compatible for Editor in 0.63 ms, found 0 plugins.
Preloading 0 native plugins for Editor in 0.00 ms.
Unloading 2315 Unused Serialized files (Serialized files now loaded: 0)
System memory in use before: 107.0 MB.
System memory in use after: 107.3 MB.

Unloading 5 unused Assets to reduce memory usage. Loaded Objects now: 2947.
Total: 5.167700 ms (FindLiveObjects: 0.567000 ms CreateObjectMapping: 0.502100 ms MarkObjects: 4.074800 ms  DeleteObjects: 0.022200 ms)

========================================================================
Received Import Request.
  Time since last request: 1049.900513 seconds.
  path: Assets/Scripts/MenuManager.cs
  artifactKey: Guid(98f31efb72b14f2439c7290ae4959d62) Importer(815301076,1909f56bfc062723c751e8b465ee728b)
Start importing Assets/Scripts/MenuManager.cs using Guid(98f31efb72b14f2439c7290ae4959d62) Importer(815301076,1909f56bfc062723c751e8b465ee728b)  -> (artifact id: 'a2dcfa42fd4c95e7f00f06a325ec22b3') in 0.043209 seconds
  Import took 0.053841 seconds .

========================================================================
Received Import Request.
  Time since last request: 0.014968 seconds.
  path: Assets/Scripts/MenuManager.cs
  artifactKey: Guid(98f31efb72b14f2439c7290ae4959d62) Importer(815301076,1909f56bfc062723c751e8b465ee728b)
Start importing Assets/Scripts/MenuManager.cs using Guid(98f31efb72b14f2439c7290ae4959d62) Importer(815301076,1909f56bfc062723c751e8b465ee728b)  -> (artifact id: 'a2dcfa42fd4c95e7f00f06a325ec22b3') in 0.018486 seconds
  Import took 0.034526 seconds .

========================================================================
Received Import Request.
  Time since last request: 7.978783 seconds.
  path: Assets/Scripts/GameManager.cs
  artifactKey: Guid(98f31efb72b14f2439c7290ae4959d62) Importer(815301076,1909f56bfc062723c751e8b465ee728b)
Start importing Assets/Scripts/GameManager.cs using Guid(98f31efb72b14f2439c7290ae4959d62) Importer(815301076,1909f56bfc062723c751e8b465ee728b)  -> (artifact id: '801a99e48abb4d1f60e397cd0601cf49') in 0.065164 seconds
  Import took 0.096971 seconds .

========================================================================
Received Prepare
Registering precompiled user dll's ...
Registered in 0.004737 seconds.
Begin MonoManager ReloadAssembly
Native extension for WindowsStandalone target not found
Refreshing native plugins compatible for Editor in 1.00 ms, found 0 plugins.
Preloading 0 native plugins for Editor in 0.00 ms.
Mono: successfully reloaded assembly
- Completed reload, in  3.125 seconds
Platform modules already initialized, skipping
Shader 'Universal Render Pipeline/Particles/Lit': fallback shader 'Universal Render Pipeline/Particles/SimpleLit' not found
Refreshing native plugins compatible for Editor in 0.61 ms, found 0 plugins.
Preloading 0 native plugins for Editor in 0.00 ms.
Unloading 2315 Unused Serialized files (Serialized files now loaded: 0)
System memory in use before: 107.1 MB.
System memory in use after: 107.3 MB.

Unloading 5 unused Assets to reduce memory usage. Loaded Objects now: 2950.
Total: 3.970800 ms (FindLiveObjects: 0.994900 ms CreateObjectMapping: 0.241900 ms MarkObjects: 2.709000 ms  DeleteObjects: 0.023800 ms)

========================================================================
Received Prepare
Registering precompiled user dll's ...
Registered in 0.003722 seconds.
Begin MonoManager ReloadAssembly
Native extension for WindowsStandalone target not found
Refreshing native plugins compatible for Editor in 0.62 ms, found 0 plugins.
Preloading 0 native plugins for Editor in 0.00 ms.
Mono: successfully reloaded assembly
- Completed reload, in  2.309 seconds
Platform modules already initialized, skipping
Shader 'Universal Render Pipeline/Particles/Lit': fallback shader 'Universal Render Pipeline/Particles/SimpleLit' not found
Refreshing native plugins compatible for Editor in 0.66 ms, found 0 plugins.
Preloading 0 native plugins for Editor in 0.00 ms.
Unloading 2315 Unused Serialized files (Serialized files now loaded: 0)
System memory in use before: 107.1 MB.
System memory in use after: 107.3 MB.

Unloading 5 unused Assets to reduce memory usage. Loaded Objects now: 2953.
Total: 7.949300 ms (FindLiveObjects: 4.434900 ms CreateObjectMapping: 0.262500 ms MarkObjects: 3.226500 ms  DeleteObjects: 0.023800 ms)

========================================================================
Received Import Request.
  Time since last request: 74.400200 seconds.
  path: Assets/Scripts/GameManager.cs
  artifactKey: Guid(98f31efb72b14f2439c7290ae4959d62) Importer(815301076,1909f56bfc062723c751e8b465ee728b)
Start importing Assets/Scripts/GameManager.cs using Guid(98f31efb72b14f2439c7290ae4959d62) Importer(815301076,1909f56bfc062723c751e8b465ee728b)  -> (artifact id: '9bae49650df2d338e8e338e5b666771d') in 0.023001 seconds
  Import took 0.047563 seconds .

========================================================================
Received Import Request.
  Time since last request: 1.327817 seconds.
  path: Assets/Scripts/GameManager.cs
  artifactKey: Guid(98f31efb72b14f2439c7290ae4959d62) Importer(815301076,1909f56bfc062723c751e8b465ee728b)
Start importing Assets/Scripts/GameManager.cs using Guid(98f31efb72b14f2439c7290ae4959d62) Importer(815301076,1909f56bfc062723c751e8b465ee728b)  -> (artifact id: '9bae49650df2d338e8e338e5b666771d') in 0.019885 seconds
  Import took 0.036066 seconds .

========================================================================
Received Prepare
Registering precompiled user dll's ...
Registered in 0.008227 seconds.
Begin MonoManager ReloadAssembly
Native extension for WindowsStandalone target not found
Refreshing native plugins compatible for Editor in 0.70 ms, found 0 plugins.
Preloading 0 native plugins for Editor in 0.00 ms.
Mono: successfully reloaded assembly
- Completed reload, in  8.391 seconds
Platform modules already initialized, skipping
Shader 'Universal Render Pipeline/Particles/Lit': fallback shader 'Universal Render Pipeline/Particles/SimpleLit' not found
Refreshing native plugins compatible for Editor in 2.61 ms, found 0 plugins.
Preloading 0 native plugins for Editor in 0.00 ms.
Unloading 2315 Unused Serialized files (Serialized files now loaded: 0)
System memory in use before: 107.0 MB.
System memory in use after: 107.2 MB.

Unloading 5 unused Assets to reduce memory usage. Loaded Objects now: 2956.
Total: 19.904800 ms (FindLiveObjects: 9.361600 ms CreateObjectMapping: 0.388700 ms MarkObjects: 10.128100 ms  DeleteObjects: 0.024300 ms)

========================================================================
Received Prepare
Registering precompiled user dll's ...
Registered in 0.012655 seconds.
Begin MonoManager ReloadAssembly
Native extension for WindowsStandalone target not found
Refreshing native plugins compatible for Editor in 1.12 ms, found 0 plugins.
Preloading 0 native plugins for Editor in 0.00 ms.
Mono: successfully reloaded assembly
- Completed reload, in  2.034 seconds
Platform modules already initialized, skipping
Shader 'Universal Render Pipeline/Particles/Lit': fallback shader 'Universal Render Pipeline/Particles/SimpleLit' not found
Refreshing native plugins compatible for Editor in 1.26 ms, found 0 plugins.
Preloading 0 native plugins for Editor in 0.00 ms.
Unloading 2315 Unused Serialized files (Serialized files now loaded: 0)
System memory in use before: 107.1 MB.
System memory in use after: 107.3 MB.

Unloading 5 unused Assets to reduce memory usage. Loaded Objects now: 2959.
Total: 13.055200 ms (FindLiveObjects: 2.375000 ms CreateObjectMapping: 0.305700 ms MarkObjects: 10.319800 ms  DeleteObjects: 0.052600 ms)

